0 info it worked if it ends with ok
1 verbose cli [ 'c:\\Program Files\\nodejs\\node.exe',
1 verbose cli   'c:\\Program Files\\nodejs\\node_modules\\npm\\bin\\npm-cli.js',
1 verbose cli   'install',
1 verbose cli   'gem' ]
2 info using npm@1.1.65
3 info using node@v0.8.14
4 verbose read json c:\xampp-portable\htdocs\scorecentre\core2\package.json
5 verbose read json c:\xampp-portable\htdocs\scorecentre\core2\node_modules\grunt\package.json
6 verbose read json c:\xampp-portable\htdocs\scorecentre\core2\node_modules\grunt-contrib-concat\package.json
7 verbose read json c:\xampp-portable\htdocs\scorecentre\core2\node_modules\grunt-contrib-cssmin\package.json
8 verbose read json c:\xampp-portable\htdocs\scorecentre\core2\node_modules\grunt-contrib-mincss\package.json
9 verbose read json c:\xampp-portable\htdocs\scorecentre\core2\node_modules\grunt-contrib-uglify\package.json
10 verbose read json c:\xampp-portable\htdocs\scorecentre\core2\node_modules\grunt-contrib-watch\package.json
11 verbose read json c:\xampp-portable\htdocs\scorecentre\core2\node_modules\grunt-lodash\package.json
12 verbose read json c:\xampp-portable\htdocs\scorecentre\core2\node_modules\lodash-cli\package.json
13 verbose read json c:\xampp-portable\htdocs\scorecentre\core2\node_modules\node-dir\package.json
14 verbose from cache c:\xampp-portable\htdocs\scorecentre\core2\package.json
15 verbose readDependencies using package.json deps
16 verbose cache add [ 'gem', null ]
17 silly cache add name=undefined spec="gem" args=["gem",null]
18 verbose parsed url { pathname: 'gem', path: 'gem', href: 'gem' }
19 silly lockFile f2185b78-gem gem
20 verbose lock gem C:\Users\mark\AppData\Roaming\npm-cache\f2185b78-gem.lock
21 silly lockFile f2185b78-gem gem
22 verbose addNamed [ 'gem', '' ]
23 verbose addNamed [ null, '' ]
24 silly lockFile a37db760-gem gem@
25 verbose lock gem@ C:\Users\mark\AppData\Roaming\npm-cache\a37db760-gem.lock
26 silly addNameRange { name: 'gem', range: '', hasData: false }
27 verbose url raw gem
28 verbose url resolving [ 'https://registry.npmjs.org/', './gem' ]
29 verbose url resolved https://registry.npmjs.org/gem
30 info trying registry request attempt 1 at 19:39:50
31 http GET https://registry.npmjs.org/gem
32 http 404 https://registry.npmjs.org/gem
33 silly registry.get cb [ 404,
33 silly registry.get   { server: 'CouchDB/1.3.1 (Erlang OTP/R15B03)',
33 silly registry.get     date: 'Thu, 14 Nov 2013 19:39:54 GMT',
33 silly registry.get     'content-type': 'application/json',
33 silly registry.get     'content-length': '52',
33 silly registry.get     'cache-control': 'must-revalidate' } ]
34 silly lockFile a37db760-gem gem@
35 error 404 'gem' is not in the npm registry.
35 error 404 You should bug the author to publish it
35 error 404
35 error 404 Note that you can also install from a
35 error 404 tarball, folder, or http url, or git url.
36 error System Windows_NT 6.2.9200
37 error command "c:\\Program Files\\nodejs\\node.exe" "c:\\Program Files\\nodejs\\node_modules\\npm\\bin\\npm-cli.js" "install" "gem"
38 error cwd c:\xampp-portable\htdocs\scorecentre\core2
39 error node -v v0.8.14
40 error npm -v 1.1.65
41 error code E404
42 verbose exit [ 1, true ]
